<?xml version="1.0" encoding="UTF-8"?>
<testsuite xmlns:xsi="http://www.w3.org/2001/XMLSchema-instance" xsi:noNamespaceSchemaLocation="https://maven.apache.org/surefire/maven-surefire-plugin/xsd/surefire-test-report.xsd" version="3.0.2" name="com.yago.formulario.FormularioApplicationTests" time="3.857" tests="1" errors="0" skipped="0" failures="0">
  <properties>
[...]
</properties>
  <testcase name="contextLoads" classname="com.yago.formulario.FormularioApplicationTests" time="0.874">
    <system-out><![CDATA[23:20:41.781 [main] INFO org.springframework.test.context.support.AnnotationConfigContextLoaderUtils -- Could not detect default configuration classes for test class [com.yago.formulario.FormularioApplicationTests]: FormularioApplicationTests does not declare any static, non-private, non-final, nested classes annotated with @Configuration.
23:20:41.928 [main] INFO org.springframework.boot.test.context.SpringBootTestContextBootstrapper -- Found @SpringBootConfiguration com.yago.formulario.FormularioApplication for test class com.yago.formulario.FormularioApplicationTests
23:20:42.250 [main] INFO org.springframework.boot.devtools.restart.RestartApplicationListener -- Restart disabled due to context in which it is running

  .   ____          _            __ _ _
 /\\ / ___'_ __ _ _(_)_ __  __ _ \ \ \ \
( ( )\___ | '_ | '_| | '_ \/ _` | \ \ \ \
 \\/  ___)| |_)| | | | | || (_| |  ) ) ) )
  '  |____| .__|_| |_|_| |_\__, | / / / /
 =========|_|==============|___/=/_/_/_/

 :: Spring Boot ::                (v3.4.3)

2025-03-04T23:20:42.660-06:00  INFO 19756 --- [formulario] [           main] c.y.f.FormularioApplicationTests         : Starting FormularioApplicationTests using Java 17.0.14 with PID 19756 (started by PC in C:\Users\PC\Desktop\tecnologias WEB\formulario)
2025-03-04T23:20:42.662-06:00  INFO 19756 --- [formulario] [           main] c.y.f.FormularioApplicationTests         : No active profile set, falling back to 1 default profile: "default"
2025-03-04T23:20:43.997-06:00  INFO 19756 --- [formulario] [           main] o.s.b.a.w.s.WelcomePageHandlerMapping    : Adding welcome page template: index
2025-03-04T23:20:44.548-06:00  INFO 19756 --- [formulario] [           main] c.y.f.FormularioApplicationTests         : Started FormularioApplicationTests in 2.321 seconds (process running for 3.91)
]]></system-out>
  </testcase>
</testsuite>